<?xml version="1.0" encoding="UTF-8"?>
<!-- Generated by org.testng.reporters.JUnitReportReporter -->
<testsuite hostname="SadheeshWorld" failures="0" tests="1" name="test.First_Test_Class" time="0.009" errors="0" timestamp="2025-04-06T20:53:53 IST" skipped="0">
  <testcase classname="test.First_Test_Class" name="First_Test_Case_Method" time="0.009"/>
</testsuite> <!-- test.First_Test_Class -->
