<?xml version="1.0" encoding="UTF-8"?>
<!-- Generated by org.testng.reporters.JUnitReportReporter -->
<testsuite hostname="SadheeshWorld" failures="0" tests="1" name="test.Second_Test_Class" time="3.603" errors="0" timestamp="2025-04-06T20:54:53 IST" skipped="0">
  <testcase classname="test.Second_Test_Class" name="Second_Test_Case_Method" time="3.603"/>
</testsuite> <!-- test.Second_Test_Class -->
