<?xml version="1.0" encoding="UTF-8"?>
<!-- Generated by org.testng.reporters.JUnitReportReporter -->
<testsuite hostname="SadheeshWorld" failures="0" tests="2" name="test.Base_Class" time="0.012" errors="0" timestamp="2025-04-07T13:42:48 IST" skipped="0">
  <testcase classname="test.Base_Class" name="testMethod1" time="0.011"/>
  <testcase classname="test.Base_Class" name="testMethod2" time="0.001"/>
</testsuite> <!-- test.Base_Class -->
