<?xml version="1.0" encoding="UTF-8"?>
<!-- Generated by org.testng.reporters.JUnitReportReporter -->
<testsuite hostname="SadheeshWorld" failures="0" tests="1" name="test.First_Test_Class" time="0.002" errors="0" timestamp="2025-04-07T14:10:30 IST" skipped="0">
  <testcase classname="test.First_Test_Class" name="First_Test_Case_Method" time="0.002"/>
  <system-out/>
</testsuite> <!-- test.First_Test_Class -->
