<?xml version="1.0" encoding="UTF-8"?>
<!-- Generated by org.testng.reporters.JUnitReportReporter -->
<testsuite hostname="SadheeshWorld" failures="0" tests="1" name="test.Second_Test_Class" time="0.001" errors="0" timestamp="2025-04-07T14:10:30 IST" skipped="0">
  <testcase classname="test.Second_Test_Class" name="Second_Test_Case_Method" time="0.001"/>
  <system-out/>
</testsuite> <!-- test.Second_Test_Class -->
